TN:
SF:src/client.ts
FN:3,createRoot
FNDA:56,createRoot
FNF:1
FNH:1
BRDA:1,0,0,8
BRDA:3,1,0,56
BRF:2
BRH:2
DA:1,8
DA:2,8
DA:3,8
DA:4,56
DA:5,56
DA:6,8
DA:7,8
DA:8,8
DA:9,8
LH:9
LF:9
end_of_record
SF:src/client/compiler.ts
FN:27,compile_template
FN:32,anonymous_1
FN:42,patch
FN:66,anonymous_3
FN:84,anonymous_4
FN:93,compiled._parts.<computed>
FN:109,anonymous_6
FN:119,anonymous_7
FN:127,anonymous_8
FN:148,generate_case_map
FN:93,update
FN:93,detach
FNDA:305,compile_template
FNDA:135,anonymous_1
FNDA:50,patch
FNDA:34,anonymous_3
FNDA:94,anonymous_4
FNDA:1,compiled._parts.<computed>
FNDA:4,anonymous_6
FNDA:3,anonymous_7
FNDA:9,anonymous_8
FNDA:434,generate_case_map
FNDA:1,update
FNDA:1,detach
FNF:12
FNH:12
BRDA:1,0,0,8
BRDA:27,1,0,248
BRDA:29,2,0,165
BRDA:29,3,0,81
BRDA:60,4,0,230
BRDA:60,5,0,305
BRDA:60,6,0,223
BRDA:62,7,0,123
BRDA:73,8,0,30
BRDA:77,9,0,15
BRDA:87,10,0,100
BRDA:87,11,0,34
BRDA:95,12,0,53
BRDA:100,13,0,8
BRDA:139,14,0,80
BRDA:105,15,0,4
BRDA:113,16,0,2
BRDA:137,17,0,5
BRDA:82,18,0,17
BRDA:85,19,0,12
BRDA:92,20,0,1
BRDA:57,21,0,0
BRDA:97,22,0,0
BRDA:118,23,0,3
BRDA:123,24,0,8
BRDA:124,25,0,2
BRDA:32,26,0,135
BRDA:32,27,0,83
BRDA:32,28,0,52
BRDA:42,29,0,50
BRDA:48,30,0,9
BRDA:48,31,0,10
BRDA:48,32,0,9
BRDA:51,33,0,16
BRDA:49,34,0,0
BRDA:66,35,0,34
BRDA:84,36,0,94
BRDA:93,37,0,1
BRDA:109,38,0,4
BRDA:119,39,0,3
BRDA:127,40,0,9
BRDA:148,41,0,2
BRDA:151,42,0,14
BRDA:152,43,0,434
BRDA:93,44,0,1
BRDA:93,45,0,1
BRF:46
BRH:43
DA:1,8
DA:2,8
DA:3,8
DA:4,8
DA:5,8
DA:6,8
DA:7,8
DA:8,8
DA:9,8
DA:10,8
DA:11,8
DA:12,8
DA:13,8
DA:14,8
DA:15,8
DA:16,8
DA:17,8
DA:18,8
DA:19,8
DA:20,8
DA:21,8
DA:22,8
DA:23,8
DA:24,8
DA:25,8
DA:26,8
DA:27,8
DA:28,248
DA:29,248
DA:30,81
DA:31,81
DA:32,81
DA:33,81
DA:34,81
DA:35,81
DA:36,81
DA:37,81
DA:38,81
DA:39,81
DA:40,81
DA:41,81
DA:42,81
DA:43,50
DA:44,50
DA:45,50
DA:46,50
DA:47,50
DA:48,50
DA:49,9
DA:50,9
DA:51,9
DA:52,16
DA:53,50
DA:54,81
DA:55,81
DA:56,81
DA:57,248
DA:58,248
DA:59,248
DA:60,248
DA:61,223
DA:62,223
DA:63,123
DA:64,123
DA:65,123
DA:66,123
DA:67,34
DA:68,34
DA:69,34
DA:70,34
DA:71,123
DA:72,123
DA:73,123
DA:74,30
DA:75,30
DA:76,30
DA:77,30
DA:78,30
DA:79,30
DA:80,30
DA:81,30
DA:82,30
DA:83,17
DA:84,17
DA:85,17
DA:86,12
DA:87,223
DA:88,34
DA:89,34
DA:90,34
DA:91,34
DA:92,34
DA:93,1
DA:94,1
DA:95,100
DA:96,53
DA:97,53
DA:98,53
DA:99,53
DA:100,53
DA:101,8
DA:102,8
DA:103,8
DA:104,8
DA:105,8
DA:106,4
DA:107,4
DA:108,4
DA:109,4
DA:110,4
DA:111,4
DA:112,4
DA:113,8
DA:114,2
DA:115,2
DA:116,2
DA:117,2
DA:118,2
DA:119,3
DA:120,3
DA:121,3
DA:122,3
DA:123,2
DA:124,8
DA:125,2
DA:126,2
DA:127,8
DA:128,9
DA:129,9
DA:130,8
DA:131,8
DA:132,2
DA:133,2
DA:134,2
DA:135,2
DA:136,8
DA:137,53
DA:138,53
DA:139,223
DA:140,80
DA:141,80
DA:142,80
DA:143,80
DA:144,80
DA:145,248
DA:146,8
DA:147,8
DA:148,2
DA:149,2
DA:150,2
DA:151,2
DA:152,14
DA:153,434
DA:154,434
DA:155,14
DA:156,14
DA:157,2
DA:158,2
DA:159,2
LH:159
LF:159
end_of_record
SF:src/client/controller.ts
FN:20,invalidate
FN:23,anonymous_1
FN:29,onMount
FN:43,onUnmount
FN:44,anonymous_4
FN:47,getParentNode
FN:53,keyed
FNDA:2,invalidate
FNDA:2,anonymous_1
FNDA:16,onMount
FNDA:7,onUnmount
FNDA:7,anonymous_4
FNDA:4,getParentNode
FNDA:7,keyed
FNF:7
FNH:7
BRDA:1,0,0,8
BRDA:20,1,0,2
BRDA:23,2,0,2
BRDA:29,3,0,16
BRDA:33,4,0,14
BRDA:33,5,0,1
BRDA:36,6,0,15
BRDA:39,7,0,13
BRDA:39,8,0,15
BRDA:43,9,0,7
BRDA:44,10,0,7
BRDA:47,11,0,4
BRDA:53,12,0,7
BRDA:54,13,0,1
BRDA:54,14,0,6
BRF:15
BRH:15
DA:1,8
DA:2,8
DA:3,8
DA:4,8
DA:5,8
DA:6,8
DA:7,8
DA:8,8
DA:9,8
DA:10,8
DA:11,8
DA:12,8
DA:13,8
DA:14,8
DA:15,8
DA:16,8
DA:17,8
DA:18,8
DA:19,8
DA:20,8
DA:21,2
DA:22,2
DA:23,2
DA:24,2
DA:25,2
DA:26,2
DA:27,2
DA:28,8
DA:29,8
DA:30,16
DA:31,16
DA:32,16
DA:33,16
DA:34,1
DA:35,1
DA:36,1
DA:37,15
DA:38,15
DA:39,16
DA:40,15
DA:41,16
DA:42,8
DA:43,8
DA:44,7
DA:45,7
DA:46,8
DA:47,8
DA:48,4
DA:49,4
DA:50,4
DA:51,4
DA:52,8
DA:53,8
DA:54,7
DA:55,6
DA:56,6
DA:57,7
LH:57
LF:57
end_of_record
SF:src/client/parts.ts
FN:20,create_child_part
FN:37,switch_renderable
FN:46,disconnect_root
FN:68,update
FN:81,_invalidate
FN:130,anonymous_5
FN:225,detach
FN:232,createPropertyPart
FN:245,create_attribute_part
FN:255,create_directive_part
FN:271,attr_directive
FN:258,update
FN:264,detach
FN:272,anonymous_13
FN:276,anonymous_14
FN:234,update
FN:238,detach
FN:248,update
FN:249,detach
FNDA:94,create_child_part
FNDA:234,switch_renderable
FNDA:160,disconnect_root
FNDA:153,update
FNDA:2,_invalidate
FNDA:258,anonymous_5
FNDA:81,detach
FNDA:9,createPropertyPart
FNDA:3,create_attribute_part
FNDA:4,create_directive_part
FNDA:5,attr_directive
FNDA:11,update
FNDA:4,detach
FNDA:5,anonymous_13
FNDA:5,anonymous_14
FNDA:12,update
FNDA:9,detach
FNDA:3,update
FNDA:3,detach
FNF:19
FNH:19
BRDA:1,0,0,8
BRDA:20,1,0,94
BRDA:52,2,0,38
BRDA:55,3,0,55
BRDA:57,4,0,18
BRDA:37,5,0,234
BRDA:38,6,0,60
BRDA:38,7,0,46
BRDA:40,8,0,14
BRDA:40,9,0,15
BRDA:40,10,0,13
BRDA:40,11,0,2
BRDA:46,12,0,160
BRDA:48,13,0,38
BRDA:68,14,0,153
BRDA:70,15,0,98
BRDA:72,16,0,40
BRDA:78,17,0,27
BRDA:101,18,0,14
BRDA:102,19,0,72
BRDA:108,20,0,1
BRDA:112,21,0,34
BRDA:124,22,0,86
BRDA:182,23,0,95
BRDA:182,24,0,2
BRDA:183,25,0,6
BRDA:185,26,0,95
BRDA:188,27,0,91
BRDA:190,28,0,48
BRDA:193,29,0,65
BRDA:199,30,0,19
BRDA:199,31,0,11
BRDA:199,32,0,11
BRDA:199,33,0,11
BRDA:203,34,0,52
BRDA:205,35,0,30
BRDA:207,36,0,91
BRDA:213,37,0,37
BRDA:216,38,0,20
BRDA:216,39,0,13
BRDA:221,40,0,91
BRDA:113,41,0,12
BRDA:126,42,0,79
BRDA:129,43,0,71
BRDA:132,44,0,16
BRDA:158,45,0,9
BRDA:169,46,0,1
BRDA:188,47,0,4
BRDA:102,48,0,18
BRDA:108,49,0,18
BRDA:205,50,0,2
BRDA:205,51,0,7
BRDA:223,52,0,0
BRDA:81,53,0,2
BRDA:130,54,0,258
BRDA:225,55,0,81
BRDA:232,56,0,9
BRDA:245,57,0,3
BRDA:255,58,0,4
BRDA:271,59,0,5
BRDA:258,60,0,11
BRDA:259,61,0,1
BRDA:260,62,0,7
BRDA:261,63,0,10
BRDA:264,64,0,4
BRDA:265,65,0,3
BRDA:272,66,0,5
BRDA:273,67,0,2
BRDA:273,68,0,3
BRDA:274,69,0,1
BRDA:274,70,0,2
BRDA:276,71,0,5
BRDA:234,72,0,12
BRDA:238,73,0,9
BRDA:248,74,0,3
BRDA:249,75,0,3
BRF:76
BRH:75
DA:1,8
DA:2,8
DA:3,8
DA:4,8
DA:5,8
DA:6,8
DA:7,8
DA:8,8
DA:9,8
DA:10,8
DA:11,8
DA:12,8
DA:13,8
DA:14,8
DA:15,8
DA:16,8
DA:17,8
DA:18,8
DA:19,8
DA:20,8
DA:21,94
DA:22,94
DA:23,94
DA:24,94
DA:25,94
DA:26,94
DA:27,94
DA:28,94
DA:29,94
DA:30,94
DA:31,94
DA:32,94
DA:33,94
DA:34,94
DA:35,94
DA:36,94
DA:37,94
DA:38,234
DA:39,46
DA:40,46
DA:41,46
DA:42,46
DA:43,234
DA:44,234
DA:45,94
DA:46,94
DA:47,160
DA:48,160
DA:49,160
DA:50,160
DA:51,94
DA:52,94
DA:53,38
DA:54,38
DA:55,94
DA:56,55
DA:57,55
DA:58,18
DA:59,18
DA:60,18
DA:61,18
DA:62,18
DA:63,18
DA:64,55
DA:65,55
DA:66,94
DA:67,94
DA:68,94
DA:69,153
DA:70,153
DA:71,153
DA:72,153
DA:73,40
DA:74,40
DA:75,40
DA:76,40
DA:77,40
DA:78,40
DA:79,27
DA:80,27
DA:81,27
DA:82,2
DA:83,2
DA:84,27
DA:85,27
DA:86,27
DA:87,27
DA:88,40
DA:89,40
DA:90,40
DA:91,40
DA:92,40
DA:93,40
DA:94,40
DA:95,40
DA:96,40
DA:97,40
DA:98,40
DA:99,40
DA:100,40
DA:101,40
DA:102,153
DA:103,18
DA:104,18
DA:105,18
DA:106,18
DA:107,18
DA:108,153
DA:109,18
DA:110,18
DA:111,18
DA:112,153
DA:113,34
DA:114,12
DA:115,12
DA:116,12
DA:117,12
DA:118,12
DA:119,12
DA:120,34
DA:121,34
DA:122,34
DA:123,34
DA:124,34
DA:125,86
DA:126,86
DA:127,86
DA:128,86
DA:129,86
DA:130,71
DA:131,71
DA:132,71
DA:133,16
DA:134,16
DA:135,16
DA:136,16
DA:137,16
DA:138,16
DA:139,16
DA:140,16
DA:141,16
DA:142,16
DA:143,16
DA:144,16
DA:145,16
DA:146,16
DA:147,16
DA:148,16
DA:149,16
DA:150,71
DA:151,86
DA:152,86
DA:153,86
DA:154,86
DA:155,86
DA:156,34
DA:157,34
DA:158,34
DA:159,9
DA:160,9
DA:161,9
DA:162,9
DA:163,9
DA:164,34
DA:165,34
DA:166,34
DA:167,34
DA:168,34
DA:169,34
DA:170,1
DA:171,1
DA:172,1
DA:173,1
DA:174,1
DA:175,1
DA:176,1
DA:177,1
DA:178,34
DA:179,34
DA:180,34
DA:181,34
DA:182,153
DA:183,2
DA:184,2
DA:185,2
DA:186,95
DA:187,95
DA:188,153
DA:189,91
DA:190,153
DA:191,48
DA:192,48
DA:193,153
DA:194,65
DA:195,65
DA:196,65
DA:197,65
DA:198,65
DA:199,65
DA:200,11
DA:201,11
DA:202,11
DA:203,65
DA:204,52
DA:205,52
DA:206,52
DA:207,65
DA:208,91
DA:209,91
DA:210,91
DA:211,91
DA:212,91
DA:213,153
DA:214,37
DA:215,37
DA:216,37
DA:217,13
DA:218,13
DA:219,37
DA:220,37
DA:221,37
DA:222,91
DA:223,153
DA:224,94
DA:225,94
DA:226,81
DA:227,81
DA:228,94
DA:229,94
DA:230,94
DA:231,8
DA:232,8
DA:233,9
DA:234,9
DA:235,12
DA:236,12
DA:237,9
DA:238,9
DA:239,9
DA:240,9
DA:241,9
DA:242,9
DA:243,9
DA:244,8
DA:245,8
DA:246,3
DA:247,3
DA:248,3
DA:249,3
DA:250,3
DA:251,3
DA:252,8
DA:253,8
DA:254,8
DA:255,8
DA:256,4
DA:257,4
DA:258,4
DA:259,11
DA:260,11
DA:261,11
DA:262,4
DA:263,4
DA:264,4
DA:265,4
DA:266,4
DA:267,4
DA:268,4
DA:269,4
DA:270,8
DA:271,8
DA:272,5
DA:273,5
DA:274,3
DA:275,2
DA:276,5
DA:277,5
DA:278,5
DA:279,5
DA:280,5
LH:280
LF:280
end_of_record
SF:src/client/root.ts
FN:16,create_root_into
FN:22,create_root_after
FN:29,create_root
FN:33,detach
FN:44,render
FN:79,anonymous_5
FNDA:56,create_root_into
FNDA:41,create_root_after
FNDA:137,create_root
FNDA:254,detach
FNDA:248,render
FNDA:111,anonymous_5
FNF:6
FNH:6
BRDA:1,0,0,8
BRDA:16,1,0,56
BRDA:22,2,0,41
BRDA:29,3,0,137
BRDA:33,4,0,254
BRDA:34,5,0,115
BRDA:34,6,0,78
BRDA:36,7,0,59
BRDA:36,8,0,78
BRDA:34,9,0,17
BRDA:34,10,0,22
BRDA:44,11,0,248
BRDA:45,12,0,150
BRDA:45,13,0,54
BRDA:53,14,0,122
BRDA:62,15,0,43
BRDA:70,16,0,56
BRDA:86,17,0,130
BRDA:83,18,0,26
BRDA:86,19,0,25
BRDA:79,20,0,111
BRF:21
BRH:21
DA:1,8
DA:2,8
DA:3,8
DA:4,8
DA:5,8
DA:6,8
DA:7,8
DA:8,8
DA:9,8
DA:10,8
DA:11,8
DA:12,8
DA:13,8
DA:14,8
DA:15,8
DA:16,8
DA:17,56
DA:18,56
DA:19,56
DA:20,56
DA:21,8
DA:22,8
DA:23,41
DA:24,41
DA:25,41
DA:26,41
DA:27,41
DA:28,8
DA:29,8
DA:30,137
DA:31,137
DA:32,137
DA:33,137
DA:34,254
DA:35,22
DA:36,22
DA:37,22
DA:38,254
DA:39,137
DA:40,137
DA:41,137
DA:42,137
DA:43,137
DA:44,137
DA:45,248
DA:46,248
DA:47,248
DA:48,248
DA:49,248
DA:50,248
DA:51,248
DA:52,248
DA:53,248
DA:54,122
DA:55,122
DA:56,122
DA:57,122
DA:58,122
DA:59,122
DA:60,122
DA:61,122
DA:62,122
DA:63,43
DA:64,43
DA:65,43
DA:66,43
DA:67,43
DA:68,43
DA:69,122
DA:70,122
DA:71,122
DA:72,122
DA:73,122
DA:74,122
DA:75,122
DA:76,122
DA:77,122
DA:78,122
DA:79,122
DA:80,111
DA:81,111
DA:82,122
DA:83,122
DA:84,26
DA:85,26
DA:86,248
DA:87,137
DA:88,137
DA:89,137
DA:90,137
DA:91,137
LH:91
LF:91
end_of_record
SF:src/client/span.ts
FN:11,create_span
FN:21,span_insert_node
FN:36,span_iterator
FN:47,span_extract_contents
FN:58,span_delete_contents
FNDA:191,create_span
FNDA:219,span_insert_node
FNDA:255,span_iterator
FNDA:44,span_extract_contents
FNDA:223,span_delete_contents
FNF:5
FNH:5
BRDA:1,0,0,8
BRDA:11,1,0,191
BRDA:21,2,0,219
BRDA:22,3,0,161
BRDA:22,4,0,40
BRDA:23,5,0,1
BRDA:23,6,0,31
BRDA:36,7,0,255
BRDA:38,8,0,208
BRDA:41,9,0,180
BRDA:41,10,0,28
BRDA:47,11,0,32
BRDA:52,12,0,44
BRDA:58,13,0,223
BRDA:62,14,0,164
BRF:15
BRH:15
DA:1,8
DA:2,8
DA:3,8
DA:4,8
DA:5,8
DA:6,8
DA:7,8
DA:8,8
DA:9,8
DA:10,8
DA:11,8
DA:12,191
DA:13,191
DA:14,191
DA:15,191
DA:16,191
DA:17,191
DA:18,191
DA:19,191
DA:20,8
DA:21,8
DA:22,219
DA:23,219
DA:24,31
DA:25,31
DA:26,31
DA:27,31
DA:28,31
DA:29,31
DA:30,31
DA:31,31
DA:32,31
DA:33,31
DA:34,219
DA:35,8
DA:36,8
DA:37,255
DA:38,255
DA:39,208
DA:40,208
DA:41,208
DA:42,28
DA:43,28
DA:44,28
DA:45,255
DA:46,8
DA:47,8
DA:48,32
DA:49,32
DA:50,32
DA:51,32
DA:52,32
DA:53,32
DA:54,32
DA:55,32
DA:56,32
DA:57,8
DA:58,8
DA:59,223
DA:60,223
DA:61,223
DA:62,223
DA:63,223
DA:64,223
DA:65,223
LH:65
LF:65
end_of_record
SF:src/client/tests/attributes.ts
FN:5,anonymous_0
FN:12,anonymous_1
FN:16,template
FN:30,anonymous_3
FN:40,anonymous_4
FN:52,anonymous_5
FN:62,anonymous_6
FN:69,anonymous_7
FN:75,anonymous_8
FN:90,anonymous_9
FN:93,template
FNDA:1,anonymous_0
FNDA:1,anonymous_1
FNDA:3,template
FNDA:1,anonymous_3
FNDA:1,anonymous_4
FNDA:1,anonymous_5
FNDA:1,anonymous_6
FNDA:1,anonymous_7
FNDA:2,anonymous_8
FNDA:1,anonymous_9
FNDA:2,template
FNF:11
FNH:11
BRDA:1,0,0,1
BRDA:5,1,0,1
BRDA:12,2,0,1
BRDA:16,3,0,3
BRDA:30,4,0,1
BRDA:40,5,0,1
BRDA:52,6,0,1
BRDA:62,7,0,1
BRDA:69,8,0,1
BRDA:75,9,0,2
BRDA:90,10,0,1
BRDA:93,11,0,2
BRF:12
BRH:12
DA:1,1
DA:2,1
DA:3,1
DA:4,1
DA:5,1
DA:6,1
DA:7,1
DA:8,1
DA:9,1
DA:10,1
DA:11,1
DA:12,1
DA:13,1
DA:14,1
DA:15,1
DA:16,1
DA:17,1
DA:18,1
DA:19,1
DA:20,1
DA:21,1
DA:22,1
DA:23,1
DA:24,1
DA:25,1
DA:26,1
DA:27,1
DA:28,1
DA:29,1
DA:30,1
DA:31,1
DA:32,1
DA:33,1
DA:34,1
DA:35,1
DA:36,1
DA:37,1
DA:38,1
DA:39,1
DA:40,1
DA:41,1
DA:42,1
DA:43,1
DA:44,1
DA:45,1
DA:46,1
DA:47,1
DA:48,1
DA:49,1
DA:50,1
DA:51,1
DA:52,1
DA:53,1
DA:54,1
DA:55,1
DA:56,1
DA:57,1
DA:58,1
DA:59,1
DA:60,1
DA:61,1
DA:62,1
DA:63,1
DA:64,1
DA:65,1
DA:66,1
DA:67,1
DA:68,1
DA:69,1
DA:70,1
DA:71,1
DA:72,1
DA:73,1
DA:74,1
DA:75,1
DA:76,2
DA:77,1
DA:78,1
DA:79,1
DA:80,1
DA:81,1
DA:82,1
DA:83,1
DA:84,1
DA:85,1
DA:86,1
DA:87,1
DA:88,1
DA:89,1
DA:90,1
DA:91,1
DA:92,1
DA:93,1
DA:94,1
DA:95,1
DA:96,1
DA:97,1
DA:98,1
DA:99,1
DA:100,1
DA:101,1
DA:102,1
DA:103,1
DA:104,1
DA:105,1
DA:106,1
DA:107,1
LH:107
LF:107
end_of_record
SF:src/client/tests/basic.ts
FN:5,anonymous_0
FN:12,anonymous_1
FN:19,anonymous_2
FN:22,template
FN:31,anonymous_4
FN:50,anonymous_5
FN:53,template
FN:54,template2
FN:79,anonymous_8
FN:87,anonymous_9
FN:104,anonymous_10
FN:113,anonymous_11
FN:121,anonymous_12
FN:129,render
FN:143,anonymous_14
FN:146,t.assert.throws.message
FN:152,anonymous_16
FN:159,anonymous_17
FN:162,t.assert.throws.message
FN:169,anonymous_19
FNDA:1,anonymous_0
FNDA:1,anonymous_1
FNDA:1,anonymous_2
FNDA:2,template
FNDA:1,anonymous_4
FNDA:1,anonymous_5
FNDA:4,template
FNDA:2,template2
FNDA:1,anonymous_8
FNDA:1,anonymous_9
FNDA:0,anonymous_10
FNDA:1,anonymous_11
FNDA:1,anonymous_12
FNDA:1,render
FNDA:1,anonymous_14
FNDA:1,t.assert.throws.message
FNDA:1,anonymous_16
FNDA:1,anonymous_17
FNDA:1,t.assert.throws.message
FNDA:1,anonymous_19
FNF:20
FNH:19
BRDA:1,0,0,1
BRDA:5,1,0,1
BRDA:12,2,0,1
BRDA:19,3,0,1
BRDA:22,4,0,2
BRDA:31,5,0,1
BRDA:50,6,0,1
BRDA:53,7,0,4
BRDA:54,8,0,2
BRDA:79,9,0,1
BRDA:87,10,0,1
BRDA:113,11,0,1
BRDA:121,12,0,1
BRDA:129,13,0,1
BRDA:143,14,0,1
BRDA:146,15,0,1
BRDA:152,16,0,1
BRDA:159,17,0,1
BRDA:162,18,0,1
BRDA:169,19,0,1
BRF:20
BRH:20
DA:1,1
DA:2,1
DA:3,1
DA:4,1
DA:5,1
DA:6,1
DA:7,1
DA:8,1
DA:9,1
DA:10,1
DA:11,1
DA:12,1
DA:13,1
DA:14,1
DA:15,1
DA:16,1
DA:17,1
DA:18,1
DA:19,1
DA:20,1
DA:21,1
DA:22,1
DA:23,1
DA:24,1
DA:25,1
DA:26,1
DA:27,1
DA:28,1
DA:29,1
DA:30,1
DA:31,1
DA:32,1
DA:33,1
DA:34,1
DA:35,1
DA:36,1
DA:37,1
DA:38,1
DA:39,1
DA:40,1
DA:41,1
DA:42,1
DA:43,1
DA:44,1
DA:45,1
DA:46,1
DA:47,1
DA:48,1
DA:49,1
DA:50,1
DA:51,1
DA:52,1
DA:53,1
DA:54,1
DA:55,1
DA:56,1
DA:57,1
DA:58,1
DA:59,1
DA:60,1
DA:61,1
DA:62,1
DA:63,1
DA:64,1
DA:65,1
DA:66,1
DA:67,1
DA:68,1
DA:69,1
DA:70,1
DA:71,1
DA:72,1
DA:73,1
DA:74,1
DA:75,1
DA:76,1
DA:77,1
DA:78,1
DA:79,1
DA:80,1
DA:81,1
DA:82,1
DA:83,1
DA:84,1
DA:85,1
DA:86,1
DA:87,1
DA:88,1
DA:89,1
DA:90,1
DA:91,1
DA:92,1
DA:93,1
DA:94,1
DA:95,1
DA:96,1
DA:97,1
DA:98,1
DA:99,1
DA:100,1
DA:101,1
DA:102,1
DA:103,1
DA:104,1
DA:105,0
DA:106,0
DA:107,0
DA:108,0
DA:109,0
DA:110,0
DA:111,1
DA:112,1
DA:113,1
DA:114,1
DA:115,1
DA:116,1
DA:117,1
DA:118,1
DA:119,1
DA:120,1
DA:121,1
DA:122,1
DA:123,1
DA:124,1
DA:125,1
DA:126,1
DA:127,1
DA:128,1
DA:129,1
DA:130,1
DA:131,1
DA:132,1
DA:133,1
DA:134,1
DA:135,1
DA:136,1
DA:137,1
DA:138,1
DA:139,1
DA:140,1
DA:141,1
DA:142,1
DA:143,1
DA:144,1
DA:145,1
DA:146,1
DA:147,1
DA:148,1
DA:149,1
DA:150,1
DA:151,1
DA:152,1
DA:153,1
DA:154,1
DA:155,1
DA:156,1
DA:157,1
DA:158,1
DA:159,1
DA:160,1
DA:161,1
DA:162,1
DA:163,1
DA:164,1
DA:165,1
DA:166,1
DA:167,1
DA:168,1
DA:169,1
DA:170,1
DA:171,1
DA:172,1
DA:173,1
DA:174,1
DA:175,1
LH:169
LF:175
end_of_record
SF:src/client/tests/custom-elements.ts
FN:7,<instance_members_initializer>
FN:8,get thing
FN:11,set thing
FN:15,CustomElement
FN:23,anonymous_4
FN:34,anonymous_5
FNDA:2,<instance_members_initializer>
FNDA:2,get thing
FNDA:1,set thing
FNDA:2,CustomElement
FNDA:1,anonymous_4
FNDA:1,anonymous_5
FNF:6
FNH:6
BRDA:1,0,0,1
BRDA:7,1,0,2
BRDA:8,2,0,2
BRDA:11,3,0,1
BRDA:15,4,0,2
BRDA:23,5,0,1
BRDA:34,6,0,1
BRF:7
BRH:7
DA:1,1
DA:2,1
DA:3,1
DA:4,1
DA:5,1
DA:6,1
DA:7,1
DA:8,1
DA:9,2
DA:10,2
DA:11,1
DA:12,1
DA:13,1
DA:14,1
DA:15,1
DA:16,2
DA:17,2
DA:18,2
DA:19,1
DA:20,1
DA:21,1
DA:22,1
DA:23,1
DA:24,1
DA:25,1
DA:26,1
DA:27,1
DA:28,1
DA:29,1
DA:30,1
DA:31,1
DA:32,1
DA:33,1
DA:34,1
DA:35,1
DA:36,1
DA:37,1
DA:38,1
DA:39,1
DA:40,1
DA:41,1
DA:42,1
DA:43,1
LH:43
LF:43
end_of_record
SF:src/client/tests/directives.ts
FN:6,anonymous_0
FN:9,redifier
FN:12,anonymous_2
FN:16,flipper
FN:19,anonymous_4
FN:24,template
FN:40,anonymous_6
FN:43,classes
FN:45,anonymous_8
FN:47,anonymous_9
FN:53,template
FN:67,anonymous_11
FN:70,template
FN:85,anonymous_13
FN:88,template
FNDA:1,anonymous_0
FNDA:1,redifier
FNDA:1,anonymous_2
FNDA:1,flipper
FNDA:1,anonymous_4
FNDA:3,template
FNDA:1,anonymous_6
FNDA:3,classes
FNDA:3,anonymous_8
FNDA:3,anonymous_9
FNDA:3,template
FNDA:1,anonymous_11
FNDA:3,template
FNDA:1,anonymous_13
FNDA:2,template
FNF:15
FNH:15
BRDA:1,0,0,1
BRDA:6,1,0,1
BRDA:9,2,0,1
BRDA:10,3,0,0
BRDA:12,4,0,1
BRDA:16,5,0,1
BRDA:17,6,0,0
BRDA:19,7,0,1
BRDA:24,8,0,3
BRDA:40,9,0,1
BRDA:43,10,0,3
BRDA:45,11,0,3
BRDA:47,12,0,3
BRDA:53,13,0,3
BRDA:67,14,0,1
BRDA:70,15,0,3
BRDA:85,16,0,1
BRDA:88,17,0,2
BRF:18
BRH:16
DA:1,1
DA:2,1
DA:3,1
DA:4,1
DA:5,1
DA:6,1
DA:7,1
DA:8,1
DA:9,1
DA:10,1
DA:11,1
DA:12,1
DA:13,1
DA:14,1
DA:15,1
DA:16,1
DA:17,1
DA:18,1
DA:19,1
DA:20,1
DA:21,1
DA:22,1
DA:23,1
DA:24,1
DA:25,1
DA:26,1
DA:27,1
DA:28,1
DA:29,1
DA:30,1
DA:31,1
DA:32,1
DA:33,1
DA:34,1
DA:35,1
DA:36,1
DA:37,1
DA:38,1
DA:39,1
DA:40,1
DA:41,1
DA:42,1
DA:43,1
DA:44,3
DA:45,3
DA:46,3
DA:47,3
DA:48,3
DA:49,3
DA:50,3
DA:51,3
DA:52,1
DA:53,1
DA:54,1
DA:55,1
DA:56,1
DA:57,1
DA:58,1
DA:59,1
DA:60,1
DA:61,1
DA:62,1
DA:63,1
DA:64,1
DA:65,1
DA:66,1
DA:67,1
DA:68,1
DA:69,1
DA:70,1
DA:71,3
DA:72,3
DA:73,3
DA:74,1
DA:75,1
DA:76,1
DA:77,1
DA:78,1
DA:79,1
DA:80,1
DA:81,1
DA:82,1
DA:83,1
DA:84,1
DA:85,1
DA:86,1
DA:87,1
DA:88,1
DA:89,1
DA:90,1
DA:91,1
DA:92,1
DA:93,1
DA:94,1
DA:95,1
LH:95
LF:95
end_of_record
SF:src/client/tests/lists.ts
FN:6,shuffle
FN:13,anonymous_1
FN:17,listOfItems
FN:60,anonymous_3
FN:86,anonymous_4
FN:129,anonymous_5
FN:155,anonymous_6
FN:168,anonymous_7
FN:173,render
FN:175,anonymous_9
FN:187,anonymous_10
FN:190,a
FN:191,b
FN:212,anonymous_13
FN:215,a
FN:216,b
FN:232,anonymous_16
FN:254,anonymous_17
FN:297,anonymous_18
FN:300,render
FN:300,render
FN:319,anonymous_21
FN:322,anonymous_22
FN:324,anonymous_23
FN:325,anonymous_24
FN:329,anonymous_25
FN:330,anonymous_26
FN:333,anonymous_27
FN:334,anonymous_28
FN:335,anonymous_29
FNDA:10,shuffle
FNDA:1,anonymous_1
FNDA:4,listOfItems
FNDA:1,anonymous_3
FNDA:1,anonymous_4
FNDA:1,anonymous_5
FNDA:1,anonymous_6
FNDA:1,anonymous_7
FNDA:2,render
FNDA:3,anonymous_9
FNDA:1,anonymous_10
FNDA:2,a
FNDA:2,b
FNDA:1,anonymous_13
FNDA:2,a
FNDA:2,b
FNDA:1,anonymous_16
FNDA:1,anonymous_17
FNDA:1,anonymous_18
FNDA:2,render
FNDA:2,render
FNDA:1,anonymous_21
FNDA:10,anonymous_22
FNDA:10,anonymous_23
FNDA:10,anonymous_24
FNDA:10,anonymous_25
FNDA:10,anonymous_26
FNDA:1,anonymous_27
FNDA:1,anonymous_28
FNDA:1,anonymous_29
FNF:30
FNH:30
BRDA:1,0,0,1
BRDA:6,1,0,1
BRDA:7,2,0,10
BRDA:13,3,0,1
BRDA:17,4,0,4
BRDA:60,5,0,1
BRDA:86,6,0,1
BRDA:129,7,0,1
BRDA:155,8,0,1
BRDA:168,9,0,1
BRDA:173,10,0,2
BRDA:174,11,0,1
BRDA:175,12,0,3
BRDA:187,13,0,1
BRDA:190,14,0,2
BRDA:191,15,0,2
BRDA:212,16,0,1
BRDA:215,17,0,2
BRDA:216,18,0,2
BRDA:232,19,0,1
BRDA:254,20,0,1
BRDA:297,21,0,1
BRDA:300,22,0,2
BRDA:300,23,0,2
BRDA:319,24,0,1
BRDA:322,25,0,10
BRDA:324,26,0,10
BRDA:325,27,0,10
BRDA:329,28,0,10
BRDA:330,29,0,10
BRDA:333,30,0,1
BRDA:334,31,0,1
BRDA:335,32,0,1
BRF:33
BRH:33
DA:1,1
DA:2,1
DA:3,1
DA:4,1
DA:5,1
DA:6,1
DA:7,1
DA:8,10
DA:9,10
DA:10,10
DA:11,1
DA:12,1
DA:13,1
DA:14,1
DA:15,1
DA:16,1
DA:17,1
DA:18,4
DA:19,4
DA:20,4
DA:21,4
DA:22,4
DA:23,4
DA:24,1
DA:25,1
DA:26,1
DA:27,1
DA:28,1
DA:29,1
DA:30,1
DA:31,1
DA:32,1
DA:33,1
DA:34,1
DA:35,1
DA:36,1
DA:37,1
DA:38,1
DA:39,1
DA:40,1
DA:41,1
DA:42,1
DA:43,1
DA:44,1
DA:45,1
DA:46,1
DA:47,1
DA:48,1
DA:49,1
DA:50,1
DA:51,1
DA:52,1
DA:53,1
DA:54,1
DA:55,1
DA:56,1
DA:57,1
DA:58,1
DA:59,1
DA:60,1
DA:61,1
DA:62,1
DA:63,1
DA:64,1
DA:65,1
DA:66,1
DA:67,1
DA:68,1
DA:69,1
DA:70,1
DA:71,1
DA:72,1
DA:73,1
DA:74,1
DA:75,1
DA:76,1
DA:77,1
DA:78,1
DA:79,1
DA:80,1
DA:81,1
DA:82,1
DA:83,1
DA:84,1
DA:85,1
DA:86,1
DA:87,1
DA:88,1
DA:89,1
DA:90,1
DA:91,1
DA:92,1
DA:93,1
DA:94,1
DA:95,1
DA:96,1
DA:97,1
DA:98,1
DA:99,1
DA:100,1
DA:101,1
DA:102,1
DA:103,1
DA:104,1
DA:105,1
DA:106,1
DA:107,1
DA:108,1
DA:109,1
DA:110,1
DA:111,1
DA:112,1
DA:113,1
DA:114,1
DA:115,1
DA:116,1
DA:117,1
DA:118,1
DA:119,1
DA:120,1
DA:121,1
DA:122,1
DA:123,1
DA:124,1
DA:125,1
DA:126,1
DA:127,1
DA:128,1
DA:129,1
DA:130,1
DA:131,1
DA:132,1
DA:133,1
DA:134,1
DA:135,1
DA:136,1
DA:137,1
DA:138,1
DA:139,1
DA:140,1
DA:141,1
DA:142,1
DA:143,1
DA:144,1
DA:145,1
DA:146,1
DA:147,1
DA:148,1
DA:149,1
DA:150,1
DA:151,1
DA:152,1
DA:153,1
DA:154,1
DA:155,1
DA:156,1
DA:157,1
DA:158,1
DA:159,1
DA:160,1
DA:161,1
DA:162,1
DA:163,1
DA:164,1
DA:165,1
DA:166,1
DA:167,1
DA:168,1
DA:169,1
DA:170,1
DA:171,1
DA:172,1
DA:173,1
DA:174,2
DA:175,1
DA:176,1
DA:177,1
DA:178,1
DA:179,1
DA:180,1
DA:181,1
DA:182,1
DA:183,1
DA:184,1
DA:185,1
DA:186,1
DA:187,1
DA:188,1
DA:189,1
DA:190,1
DA:191,1
DA:192,1
DA:193,1
DA:194,1
DA:195,1
DA:196,1
DA:197,1
DA:198,1
DA:199,1
DA:200,1
DA:201,1
DA:202,1
DA:203,1
DA:204,1
DA:205,1
DA:206,1
DA:207,1
DA:208,1
DA:209,1
DA:210,1
DA:211,1
DA:212,1
DA:213,1
DA:214,1
DA:215,1
DA:216,1
DA:217,1
DA:218,1
DA:219,1
DA:220,1
DA:221,1
DA:222,1
DA:223,1
DA:224,1
DA:225,1
DA:226,1
DA:227,1
DA:228,1
DA:229,1
DA:230,1
DA:231,1
DA:232,1
DA:233,1
DA:234,1
DA:235,1
DA:236,1
DA:237,1
DA:238,1
DA:239,1
DA:240,1
DA:241,1
DA:242,1
DA:243,1
DA:244,1
DA:245,1
DA:246,1
DA:247,1
DA:248,1
DA:249,1
DA:250,1
DA:251,1
DA:252,1
DA:253,1
DA:254,1
DA:255,1
DA:256,1
DA:257,1
DA:258,1
DA:259,1
DA:260,1
DA:261,1
DA:262,1
DA:263,1
DA:264,1
DA:265,1
DA:266,1
DA:267,1
DA:268,1
DA:269,1
DA:270,1
DA:271,1
DA:272,1
DA:273,1
DA:274,1
DA:275,1
DA:276,1
DA:277,1
DA:278,1
DA:279,1
DA:280,1
DA:281,1
DA:282,1
DA:283,1
DA:284,1
DA:285,1
DA:286,1
DA:287,1
DA:288,1
DA:289,1
DA:290,1
DA:291,1
DA:292,1
DA:293,1
DA:294,1
DA:295,1
DA:296,1
DA:297,1
DA:298,1
DA:299,1
DA:300,1
DA:301,1
DA:302,1
DA:303,1
DA:304,1
DA:305,1
DA:306,1
DA:307,1
DA:308,1
DA:309,1
DA:310,1
DA:311,1
DA:312,1
DA:313,1
DA:314,1
DA:315,1
DA:316,1
DA:317,1
DA:318,1
DA:319,1
DA:320,1
DA:321,1
DA:322,1
DA:323,1
DA:324,1
DA:325,1
DA:326,1
DA:327,1
DA:328,1
DA:329,1
DA:330,1
DA:331,1
DA:332,1
DA:333,1
DA:334,1
DA:335,1
DA:336,1
LH:336
LF:336
end_of_record
SF:src/client/tests/recursion.ts
FN:7,anonymous_0
FN:12,render
FN:21,anonymous_2
FN:26,render
FNDA:1,anonymous_0
FNDA:11,render
FNDA:1,anonymous_2
FNDA:11,render
FNF:4
FNH:4
BRDA:1,0,0,1
BRDA:7,1,0,1
BRDA:12,2,0,11
BRDA:13,3,0,1
BRDA:13,4,0,10
BRDA:21,5,0,1
BRDA:26,6,0,11
BRDA:27,7,0,1
BRDA:27,8,0,10
BRF:9
BRH:9
DA:1,1
DA:2,1
DA:3,1
DA:4,1
DA:5,1
DA:6,1
DA:7,1
DA:8,1
DA:9,1
DA:10,1
DA:11,1
DA:12,1
DA:13,11
DA:14,10
DA:15,1
DA:16,1
DA:17,1
DA:18,1
DA:19,1
DA:20,1
DA:21,1
DA:22,1
DA:23,1
DA:24,1
DA:25,1
DA:26,1
DA:27,11
DA:28,10
DA:29,1
DA:30,1
DA:31,1
DA:32,1
DA:33,1
LH:33
LF:33
end_of_record
SF:src/client/tests/renderable.ts
FN:6,anonymous_0
FN:11,render
FN:20,render
FN:35,anonymous_3
FN:40,render
FN:46,anonymous_5
FN:53,render
FN:57,anonymous_7
FN:59,anonymous_8
FN:71,render
FN:75,anonymous_10
FN:77,anonymous_11
FN:117,anonymous_12
FN:123,render
FN:124,anonymous_14
FN:126,anonymous_15
FN:129,anonymous_16
FN:131,anonymous_17
FN:152,anonymous_18
FN:157,callback
FN:159,anonymous_20
FN:163,render
FN:182,anonymous_22
FN:188,render
FN:194,anonymous_24
FN:196,anonymous_25
FN:214,anonymous_26
FN:218,render
FN:219,anonymous_28
FN:230,anonymous_29
FN:234,render
FN:246,anonymous_31
FN:253,render
FN:257,anonymous_33
FN:269,render
FN:273,anonymous_35
FN:320,anonymous_36
FN:327,render
FN:331,anonymous_38
FN:343,render
FN:347,anonymous_40
FN:393,anonymous_41
FN:397,render
FN:398,anonymous_43
FN:413,anonymous_44
FN:417,render
FN:427,anonymous_46
FN:431,render
FN:439,anonymous_48
FN:443,render
FN:458,render
FNDA:1,anonymous_0
FNDA:1,render
FNDA:4,render
FNDA:1,anonymous_3
FNDA:1,render
FNDA:1,anonymous_5
FNDA:2,render
FNDA:1,anonymous_7
FNDA:1,anonymous_8
FNDA:3,render
FNDA:1,anonymous_10
FNDA:1,anonymous_11
FNDA:1,anonymous_12
FNDA:1,render
FNDA:1,anonymous_14
FNDA:1,anonymous_15
FNDA:1,anonymous_16
FNDA:1,anonymous_17
FNDA:1,anonymous_18
FNDA:1,callback
FNDA:1,anonymous_20
FNDA:1,render
FNDA:1,anonymous_22
FNDA:1,render
FNDA:1,anonymous_24
FNDA:1,anonymous_25
FNDA:1,anonymous_26
FNDA:1,render
FNDA:1,anonymous_28
FNDA:1,anonymous_29
FNDA:1,render
FNDA:1,anonymous_31
FNDA:2,render
FNDA:2,anonymous_33
FNDA:4,render
FNDA:1,anonymous_35
FNDA:1,anonymous_36
FNDA:2,render
FNDA:2,anonymous_38
FNDA:4,render
FNDA:1,anonymous_40
FNDA:1,anonymous_41
FNDA:1,render
FNDA:3,anonymous_43
FNDA:1,anonymous_44
FNDA:1,render
FNDA:1,anonymous_46
FNDA:1,render
FNDA:1,anonymous_48
FNDA:1,render
FNDA:1,render
FNF:51
FNH:51
BRDA:1,0,0,1
BRDA:6,1,0,1
BRDA:11,2,0,1
BRDA:20,3,0,4
BRDA:35,4,0,1
BRDA:40,5,0,1
BRDA:46,6,0,1
BRDA:53,7,0,2
BRDA:55,8,0,1
BRDA:57,9,0,1
BRDA:59,10,0,1
BRDA:71,11,0,3
BRDA:73,12,0,1
BRDA:82,13,0,1
BRDA:82,14,0,2
BRDA:75,15,0,1
BRDA:77,16,0,1
BRDA:117,17,0,1
BRDA:123,18,0,1
BRDA:124,19,0,1
BRDA:126,20,0,1
BRDA:129,21,0,1
BRDA:131,22,0,1
BRDA:152,23,0,1
BRDA:157,24,0,1
BRDA:159,25,0,1
BRDA:163,26,0,1
BRDA:182,27,0,1
BRDA:188,28,0,1
BRDA:194,29,0,1
BRDA:196,30,0,1
BRDA:214,31,0,1
BRDA:218,32,0,1
BRDA:219,33,0,1
BRDA:230,34,0,1
BRDA:234,35,0,1
BRDA:246,36,0,1
BRDA:253,37,0,2
BRDA:257,38,0,2
BRDA:269,39,0,4
BRDA:271,40,0,1
BRDA:278,41,0,2
BRDA:273,42,0,1
BRDA:320,43,0,1
BRDA:327,44,0,2
BRDA:331,45,0,2
BRDA:343,46,0,4
BRDA:345,47,0,1
BRDA:352,48,0,2
BRDA:352,49,0,2
BRDA:347,50,0,1
BRDA:393,51,0,1
BRDA:397,52,0,1
BRDA:398,53,0,3
BRDA:413,54,0,1
BRDA:417,55,0,1
BRDA:427,56,0,1
BRDA:431,57,0,1
BRDA:439,58,0,1
BRDA:443,59,0,1
BRDA:458,60,0,1
BRF:61
BRH:61
DA:1,1
DA:2,1
DA:3,1
DA:4,1
DA:5,1
DA:6,1
DA:7,1
DA:8,1
DA:9,1
DA:10,1
DA:11,1
DA:12,1
DA:13,1
DA:14,1
DA:15,1
DA:16,1
DA:17,1
DA:18,1
DA:19,1
DA:20,1
DA:21,4
DA:22,1
DA:23,1
DA:24,1
DA:25,1
DA:26,1
DA:27,1
DA:28,1
DA:29,1
DA:30,1
DA:31,1
DA:32,1
DA:33,1
DA:34,1
DA:35,1
DA:36,1
DA:37,1
DA:38,1
DA:39,1
DA:40,1
DA:41,1
DA:42,1
DA:43,1
DA:44,1
DA:45,1
DA:46,1
DA:47,1
DA:48,1
DA:49,1
DA:50,1
DA:51,1
DA:52,1
DA:53,1
DA:54,2
DA:55,2
DA:56,1
DA:57,1
DA:58,1
DA:59,1
DA:60,1
DA:61,1
DA:62,1
DA:63,1
DA:64,2
DA:65,1
DA:66,1
DA:67,1
DA:68,1
DA:69,1
DA:70,1
DA:71,1
DA:72,3
DA:73,3
DA:74,1
DA:75,1
DA:76,1
DA:77,1
DA:78,1
DA:79,1
DA:80,1
DA:81,1
DA:82,3
DA:83,2
DA:84,1
DA:85,1
DA:86,1
DA:87,1
DA:88,1
DA:89,1
DA:90,1
DA:91,1
DA:92,1
DA:93,1
DA:94,1
DA:95,1
DA:96,1
DA:97,1
DA:98,1
DA:99,1
DA:100,1
DA:101,1
DA:102,1
DA:103,1
DA:104,1
DA:105,1
DA:106,1
DA:107,1
DA:108,1
DA:109,1
DA:110,1
DA:111,1
DA:112,1
DA:113,1
DA:114,1
DA:115,1
DA:116,1
DA:117,1
DA:118,1
DA:119,1
DA:120,1
DA:121,1
DA:122,1
DA:123,1
DA:124,1
DA:125,1
DA:126,1
DA:127,1
DA:128,1
DA:129,1
DA:130,1
DA:131,1
DA:132,1
DA:133,1
DA:134,1
DA:135,1
DA:136,1
DA:137,1
DA:138,1
DA:139,1
DA:140,1
DA:141,1
DA:142,1
DA:143,1
DA:144,1
DA:145,1
DA:146,1
DA:147,1
DA:148,1
DA:149,1
DA:150,1
DA:151,1
DA:152,1
DA:153,1
DA:154,1
DA:155,1
DA:156,1
DA:157,1
DA:158,1
DA:159,1
DA:160,1
DA:161,1
DA:162,1
DA:163,1
DA:164,1
DA:165,1
DA:166,1
DA:167,1
DA:168,1
DA:169,1
DA:170,1
DA:171,1
DA:172,1
DA:173,1
DA:174,1
DA:175,1
DA:176,1
DA:177,1
DA:178,1
DA:179,1
DA:180,1
DA:181,1
DA:182,1
DA:183,1
DA:184,1
DA:185,1
DA:186,1
DA:187,1
DA:188,1
DA:189,1
DA:190,1
DA:191,1
DA:192,1
DA:193,1
DA:194,1
DA:195,1
DA:196,1
DA:197,1
DA:198,1
DA:199,1
DA:200,1
DA:201,1
DA:202,1
DA:203,1
DA:204,1
DA:205,1
DA:206,1
DA:207,1
DA:208,1
DA:209,1
DA:210,1
DA:211,1
DA:212,1
DA:213,1
DA:214,1
DA:215,1
DA:216,1
DA:217,1
DA:218,1
DA:219,1
DA:220,1
DA:221,1
DA:222,1
DA:223,1
DA:224,1
DA:225,1
DA:226,1
DA:227,1
DA:228,1
DA:229,1
DA:230,1
DA:231,1
DA:232,1
DA:233,1
DA:234,1
DA:235,1
DA:236,1
DA:237,1
DA:238,1
DA:239,1
DA:240,1
DA:241,1
DA:242,1
DA:243,1
DA:244,1
DA:245,1
DA:246,1
DA:247,1
DA:248,1
DA:249,1
DA:250,1
DA:251,1
DA:252,1
DA:253,1
DA:254,2
DA:255,2
DA:256,2
DA:257,2
DA:258,2
DA:259,2
DA:260,2
DA:261,2
DA:262,2
DA:263,1
DA:264,1
DA:265,1
DA:266,1
DA:267,1
DA:268,1
DA:269,1
DA:270,4
DA:271,4
DA:272,1
DA:273,1
DA:274,1
DA:275,1
DA:276,1
DA:277,1
DA:278,4
DA:279,2
DA:280,1
DA:281,1
DA:282,1
DA:283,1
DA:284,1
DA:285,1
DA:286,1
DA:287,1
DA:288,1
DA:289,1
DA:290,1
DA:291,1
DA:292,1
DA:293,1
DA:294,1
DA:295,1
DA:296,1
DA:297,1
DA:298,1
DA:299,1
DA:300,1
DA:301,1
DA:302,1
DA:303,1
DA:304,1
DA:305,1
DA:306,1
DA:307,1
DA:308,1
DA:309,1
DA:310,1
DA:311,1
DA:312,1
DA:313,1
DA:314,1
DA:315,1
DA:316,1
DA:317,1
DA:318,1
DA:319,1
DA:320,1
DA:321,1
DA:322,1
DA:323,1
DA:324,1
DA:325,1
DA:326,1
DA:327,1
DA:328,2
DA:329,2
DA:330,2
DA:331,2
DA:332,2
DA:333,2
DA:334,2
DA:335,2
DA:336,2
DA:337,1
DA:338,1
DA:339,1
DA:340,1
DA:341,1
DA:342,1
DA:343,1
DA:344,4
DA:345,4
DA:346,1
DA:347,1
DA:348,1
DA:349,1
DA:350,1
DA:351,1
DA:352,4
DA:353,1
DA:354,1
DA:355,1
DA:356,1
DA:357,1
DA:358,1
DA:359,1
DA:360,1
DA:361,1
DA:362,1
DA:363,1
DA:364,1
DA:365,1
DA:366,1
DA:367,1
DA:368,1
DA:369,1
DA:370,1
DA:371,1
DA:372,1
DA:373,1
DA:374,1
DA:375,1
DA:376,1
DA:377,1
DA:378,1
DA:379,1
DA:380,1
DA:381,1
DA:382,1
DA:383,1
DA:384,1
DA:385,1
DA:386,1
DA:387,1
DA:388,1
DA:389,1
DA:390,1
DA:391,1
DA:392,1
DA:393,1
DA:394,1
DA:395,1
DA:396,1
DA:397,1
DA:398,1
DA:399,1
DA:400,1
DA:401,1
DA:402,1
DA:403,1
DA:404,1
DA:405,1
DA:406,1
DA:407,1
DA:408,1
DA:409,1
DA:410,1
DA:411,1
DA:412,1
DA:413,1
DA:414,1
DA:415,1
DA:416,1
DA:417,1
DA:418,1
DA:419,1
DA:420,1
DA:421,1
DA:422,1
DA:423,1
DA:424,1
DA:425,1
DA:426,1
DA:427,1
DA:428,1
DA:429,1
DA:430,1
DA:431,1
DA:432,1
DA:433,1
DA:434,1
DA:435,1
DA:436,1
DA:437,1
DA:438,1
DA:439,1
DA:440,1
DA:441,1
DA:442,1
DA:443,1
DA:444,1
DA:445,1
DA:446,1
DA:447,1
DA:448,1
DA:449,1
DA:450,1
DA:451,1
DA:452,1
DA:453,1
DA:454,1
DA:455,1
DA:456,1
DA:457,1
DA:458,1
DA:459,1
DA:460,1
DA:461,1
DA:462,1
DA:463,1
DA:464,1
LH:464
LF:464
end_of_record
SF:src/client/tests/setup.ts
FN:10,setup
FN:21,anonymous_1
FN:22,anonymous_2
FNDA:55,setup
FNDA:56,anonymous_1
FNDA:55,anonymous_2
FNF:3
FNH:3
BRDA:1,0,0,8
BRDA:10,1,0,55
BRDA:21,2,0,56
BRDA:22,3,0,55
BRF:4
BRH:4
DA:1,8
DA:2,8
DA:3,8
DA:4,8
DA:5,8
DA:6,8
DA:7,8
DA:8,8
DA:9,8
DA:10,8
DA:11,55
DA:12,55
DA:13,55
DA:14,55
DA:15,55
DA:16,55
DA:17,55
DA:18,55
DA:19,55
DA:20,8
DA:21,8
DA:22,56
DA:23,56
DA:24,8
LH:24
LF:24
end_of_record
SF:src/client/util.ts
FN:3,is_element
FN:5,is_text
FN:7,is_comment
FN:9,is_document_fragment
FNDA:66,is_element
FNDA:223,is_text
FNDA:100,is_comment
FNDA:268,is_document_fragment
FNF:4
FNH:4
BRDA:1,0,0,8
BRDA:3,1,0,66
BRDA:5,2,0,223
BRDA:7,3,0,100
BRDA:9,4,0,268
BRF:5
BRH:5
DA:1,8
DA:2,8
DA:3,8
DA:4,8
DA:5,8
DA:6,8
DA:7,8
DA:8,8
DA:9,8
DA:10,268
LH:10
LF:10
end_of_record
SF:src/index.ts
FNF:0
FNH:0
BRDA:1,0,0,7
BRF:1
BRH:1
DA:1,7
LH:1
LF:1
end_of_record
SF:src/shared.ts
FN:10,is_renderable
FN:13,is_iterable
FN:20,assert
FN:33,is_html
FN:35,html
FN:43,single_part_template
FNDA:230,is_renderable
FNDA:152,is_iterable
FNDA:1651,assert
FNDA:363,is_html
FNDA:201,html
FNDA:68,single_part_template
FNF:6
FNH:6
BRDA:1,0,0,8
BRDA:10,1,0,230
BRDA:11,2,0,174
BRDA:11,3,0,162
BRDA:13,4,0,152
BRDA:14,5,0,97
BRDA:14,6,0,84
BRDA:20,7,0,1651
BRDA:22,8,0,2
BRDA:21,9,0,0
BRDA:33,10,0,363
BRDA:33,11,0,282
BRDA:33,12,0,276
BRDA:35,13,0,201
BRDA:43,14,0,68
BRF:15
BRH:14
DA:1,8
DA:2,8
DA:3,8
DA:4,8
DA:5,8
DA:6,8
DA:7,8
DA:8,8
DA:9,8
DA:10,8
DA:11,230
DA:12,8
DA:13,8
DA:14,152
DA:15,8
DA:16,8
DA:17,8
DA:18,8
DA:19,8
DA:20,8
DA:21,1651
DA:22,1651
DA:23,1651
DA:24,8
DA:25,8
DA:26,8
DA:27,8
DA:28,8
DA:29,8
DA:30,8
DA:31,8
DA:32,8
DA:33,8
DA:34,8
DA:35,8
DA:36,201
DA:37,201
DA:38,201
DA:39,201
DA:40,201
DA:41,201
DA:42,8
DA:43,8
LH:43
LF:43
end_of_record
